<?xml version="1.0" encoding="UTF-8"?>
<testsuites name="jest tests" tests="79" failures="0" time="6.424">
  <testsuite name="ScoresOverview" errors="0" failures="0" skipped="0" timestamp="2019-10-29T19:30:59" time="1.052" tests="1">
    <testcase classname="ScoresOverview should render the component correctly" name="ScoresOverview should render the component correctly" time="0.096">
    </testcase>
  </testsuite>
  <testsuite name="DarkSkyIcon" errors="0" failures="0" skipped="0" timestamp="2019-10-29T19:30:59" time="1.133" tests="2">
    <testcase classname="DarkSkyIcon should render the component correctly with default props" name="DarkSkyIcon should render the component correctly with default props" time="0.143">
    </testcase>
    <testcase classname="DarkSkyIcon should render the component correctly with custom props" name="DarkSkyIcon should render the component correctly with custom props" time="0.053">
    </testcase>
  </testsuite>
  <testsuite name="MenuLinks" errors="0" failures="0" skipped="0" timestamp="2019-10-29T19:30:59" time="1.197" tests="2">
    <testcase classname="MenuLinks should render the component correctly" name="MenuLinks should render the component correctly" time="0.124">
    </testcase>
    <testcase classname="MenuLinks should initialize the menu on mount" name="MenuLinks should initialize the menu on mount" time="0.133">
    </testcase>
  </testsuite>
  <testsuite name="SkittlesDisplay" errors="0" failures="0" skipped="0" timestamp="2019-10-29T19:30:59" time="1.218" tests="2">
    <testcase classname="SkittlesDisplay should render the component correctly with no data" name="SkittlesDisplay should render the component correctly with no data" time="0.202">
    </testcase>
    <testcase classname="SkittlesDisplay should render the component correctly with data" name="SkittlesDisplay should render the component correctly with data" time="0.059">
    </testcase>
  </testsuite>
  <testsuite name="StartScreen" errors="0" failures="0" skipped="0" timestamp="2019-10-29T19:30:59" time="1.247" tests="4">
    <testcase classname="StartScreen should render the component correctly" name="StartScreen should render the component correctly" time="0.158">
    </testcase>
    <testcase classname="StartScreen should select the team" name="StartScreen should select the team" time="0.016">
    </testcase>
    <testcase classname="StartScreen should enable play button" name="StartScreen should enable play button" time="0.017">
    </testcase>
    <testcase classname="StartScreen should handle click on start button" name="StartScreen should handle click on start button" time="0.018">
    </testcase>
  </testsuite>
  <testsuite name="Game" errors="0" failures="0" skipped="0" timestamp="2019-10-29T19:30:59" time="1.266" tests="1">
    <testcase classname="Game should render the component correctly" name="Game should render the component correctly" time="0.075">
    </testcase>
  </testsuite>
  <testsuite name="PositionChecker" errors="0" failures="0" skipped="0" timestamp="2019-10-29T19:30:59" time="1.454" tests="3">
    <testcase classname="PositionChecker should render the component correctly when all pins are upright" name="PositionChecker should render the component correctly when all pins are upright" time="0.253">
    </testcase>
    <testcase classname="PositionChecker should render the component correctly when some pins are knocked over and some are null" name="PositionChecker should render the component correctly when some pins are knocked over and some are null" time="0.095">
    </testcase>
    <testcase classname="PositionChecker should render an error message if there is no data" name="PositionChecker should render an error message if there is no data" time="0.054">
    </testcase>
  </testsuite>
  <testsuite name="Molkky" errors="0" failures="0" skipped="0" timestamp="2019-10-29T19:30:59" time="1.481" tests="3">
    <testcase classname="Molkky should render the component correctly with no skittles data" name="Molkky should render the component correctly with no skittles data" time="0.039">
    </testcase>
    <testcase classname="Molkky should connect to the socket and listen UPDATE event" name="Molkky should connect to the socket and listen UPDATE event" time="0.093">
    </testcase>
    <testcase classname="Molkky should use data from UPDATE socket event" name="Molkky should use data from UPDATE socket event" time="0.034">
    </testcase>
  </testsuite>
  <testsuite name="Page Hue" errors="0" failures="0" skipped="0" timestamp="2019-10-29T19:30:59" time="1.48" tests="13">
    <testcase classname="Page Hue should render the page correctly on init" name="Page Hue should render the page correctly on init" time="0.028">
    </testcase>
    <testcase classname="Page Hue should render the page correctly with all props and state data" name="Page Hue should render the page correctly with all props and state data" time="0.014">
    </testcase>
    <testcase classname="Page Hue should get data from local storage on mount and update the state" name="Page Hue should get data from local storage on mount and update the state" time="0.015">
    </testcase>
    <testcase classname="Page Hue should clear the local storage if there is a token in it but no ipaddress" name="Page Hue should clear the local storage if there is a token in it but no ipaddress" time="0.004">
    </testcase>
    <testcase classname="Page Hue Given the api requests succeed should handle discover request" name="Page Hue Given the api requests succeed should handle discover request" time="0.05">
    </testcase>
    <testcase classname="Page Hue Given the api requests succeed should handle connect request" name="Page Hue Given the api requests succeed should handle connect request" time="0.024">
    </testcase>
    <testcase classname="Page Hue Given the api requests succeed should save data after connect request" name="Page Hue Given the api requests succeed should save data after connect request" time="0.021">
    </testcase>
    <testcase classname="Page Hue Given the api requests succeed should handle info request" name="Page Hue Given the api requests succeed should handle info request" time="0.039">
    </testcase>
    <testcase classname="Page Hue Given the api requests succeed should render the information lists correctly when there is no element" name="Page Hue Given the api requests succeed should render the information lists correctly when there is no element" time="0.055">
    </testcase>
    <testcase classname="Page Hue Given the api requests succeed should render the information lists correctly when there is only one element" name="Page Hue Given the api requests succeed should render the information lists correctly when there is only one element" time="0.025">
    </testcase>
    <testcase classname="Page Hue Given the api requests fail should handle error on discover request" name="Page Hue Given the api requests fail should handle error on discover request" time="0.012">
    </testcase>
    <testcase classname="Page Hue Given the api requests fail should handle error on connect request" name="Page Hue Given the api requests fail should handle error on connect request" time="0.009">
    </testcase>
    <testcase classname="Page Hue Given the api requests fail should handle error on info request" name="Page Hue Given the api requests fail should handle error on info request" time="0.011">
    </testcase>
  </testsuite>
  <testsuite name="App" errors="0" failures="0" skipped="0" timestamp="2019-10-29T19:30:59" time="1.573" tests="4">
    <testcase classname="App should define a mapper on instantiation" name="App should define a mapper on instantiation" time="0.005">
    </testcase>
    <testcase classname="App should hydrate the right component with the props" name="App should hydrate the right component with the props" time="0.089">
    </testcase>
    <testcase classname="App should display an error toast if init fails" name="App should display an error toast if init fails" time="0.001">
    </testcase>
    <testcase classname="App should call the app from the index" name="App should call the app from the index" time="0.006">
    </testcase>
  </testsuite>
  <testsuite name="CurrentTurn" errors="0" failures="0" skipped="0" timestamp="2019-10-29T19:30:59" time="1.799" tests="5">
    <testcase classname="CurrentTurn should render the component correctly" name="CurrentTurn should render the component correctly" time="0.402">
    </testcase>
    <testcase classname="CurrentTurn should request calculate points on mount" name="CurrentTurn should request calculate points on mount" time="0.071">
    </testcase>
    <testcase classname="CurrentTurn should handle click on edit" name="CurrentTurn should handle click on edit" time="0.127">
    </testcase>
    <testcase classname="CurrentTurn should handle click on miss target button" name="CurrentTurn should handle click on miss target button" time="0.076">
    </testcase>
    <testcase classname="CurrentTurn should handle click on valid score button" name="CurrentTurn should handle click on valid score button" time="0.06">
    </testcase>
  </testsuite>
  <testsuite name="Page Darksky" errors="0" failures="0" skipped="0" timestamp="2019-10-29T19:31:00" time="0.286" tests="1">
    <testcase classname="Page Darksky should render the page correctly" name="Page Darksky should render the page correctly" time="0.005">
    </testcase>
  </testsuite>
  <testsuite name="ScoreTeamOverview" errors="0" failures="0" skipped="0" timestamp="2019-10-29T19:31:00" time="0.298" tests="3">
    <testcase classname="ScoreTeamOverview should render the component correctly" name="ScoreTeamOverview should render the component correctly" time="0.052">
    </testcase>
    <testcase classname="ScoreTeamOverview should display the wining prop" name="ScoreTeamOverview should display the wining prop" time="0.007">
    </testcase>
    <testcase classname="ScoreTeamOverview should display the isPlaying state" name="ScoreTeamOverview should display the isPlaying state" time="0.001">
    </testcase>
  </testsuite>
  <testsuite name="PlayScreen" errors="0" failures="0" skipped="0" timestamp="2019-10-29T19:31:00" time="0.32" tests="1">
    <testcase classname="PlayScreen should render the component correctly" name="PlayScreen should render the component correctly" time="0.02">
    </testcase>
  </testsuite>
  <testsuite name="TeamButton" errors="0" failures="0" skipped="0" timestamp="2019-10-29T19:31:01" time="0.263" tests="5">
    <testcase classname="TeamButton should render the component correctly" name="TeamButton should render the component correctly" time="0.017">
    </testcase>
    <testcase classname="TeamButton should render the team name correctly" name="TeamButton should render the team name correctly" time="0.007">
    </testcase>
    <testcase classname="TeamButton should change style when selected prop changes" name="TeamButton should change style when selected prop changes" time="0.006">
    </testcase>
    <testcase classname="TeamButton should inherit style" name="TeamButton should inherit style" time="0.002">
    </testcase>
    <testcase classname="TeamButton should handle click" name="TeamButton should handle click" time="0.003">
    </testcase>
  </testsuite>
  <testsuite name="Contexts" errors="0" failures="0" skipped="0" timestamp="2019-10-29T19:31:01" time="0.306" tests="1">
    <testcase classname="Contexts should export a context on for each use hooks" name="Contexts should export a context on for each use hooks" time="0.073">
    </testcase>
  </testsuite>
  <testsuite name="SVGCircle" errors="0" failures="0" skipped="0" timestamp="2019-10-29T19:31:01" time="0.263" tests="2">
    <testcase classname="SVGCircle should render the component correctly with default props" name="SVGCircle should render the component correctly with default props" time="0.018">
    </testcase>
    <testcase classname="SVGCircle should render the component correctly with custom props and a text" name="SVGCircle should render the component correctly with custom props and a text" time="0.01">
    </testcase>
  </testsuite>
  <testsuite name="utils" errors="0" failures="0" skipped="0" timestamp="2019-10-29T19:31:01" time="0.264" tests="7">
    <testcase classname="utils getRandomPosition should return the upright position" name="utils getRandomPosition should return the upright position" time="0.002">
    </testcase>
    <testcase classname="utils getRandomPosition should return the knocked over position" name="utils getRandomPosition should return the knocked over position" time="0">
    </testcase>
    <testcase classname="utils getRandomPosition should return a null position" name="utils getRandomPosition should return a null position" time="0.002">
    </testcase>
    <testcase classname="utils getRandomPosition should not return a null position" name="utils getRandomPosition should not return a null position" time="0.001">
    </testcase>
    <testcase classname="utils getRandomPositionData should return a valid fake data array" name="utils getRandomPositionData should return a valid fake data array" time="0.003">
    </testcase>
    <testcase classname="utils calculatePoints should count number of knocked over skittles" name="utils calculatePoints should count number of knocked over skittles" time="0.001">
    </testcase>
    <testcase classname="utils calculatePoints should return the skittle value" name="utils calculatePoints should return the skittle value" time="0">
    </testcase>
  </testsuite>
  <testsuite name="Skittle" errors="0" failures="0" skipped="0" timestamp="2019-10-29T19:31:00" time="0.564" tests="3">
    <testcase classname="Skittle should render the component correctly without position prop" name="Skittle should render the component correctly without position prop" time="0.057">
    </testcase>
    <testcase classname="Skittle should render the component correctly with upright position prop" name="Skittle should render the component correctly with upright position prop" time="0.013">
    </testcase>
    <testcase classname="Skittle should render the component correctly with knocked over position prop" name="Skittle should render the component correctly with knocked over position prop" time="0.007">
    </testcase>
  </testsuite>
  <testsuite name="Page Home" errors="0" failures="0" skipped="0" timestamp="2019-10-29T19:31:01" time="0.304" tests="2">
    <testcase classname="Page Home should render the page correctly with a title" name="Page Home should render the page correctly with a title" time="0.018">
    </testcase>
    <testcase classname="Page Home should render the page correctly without a title" name="Page Home should render the page correctly without a title" time="0.007">
    </testcase>
  </testsuite>
  <testsuite name="Button" errors="0" failures="0" skipped="0" timestamp="2019-10-29T19:31:01" time="0.223" tests="5">
    <testcase classname="Button should render the component correctly when it is enabled" name="Button should render the component correctly when it is enabled" time="0.009">
    </testcase>
    <testcase classname="Button should render the component correctly when it is disabled" name="Button should render the component correctly when it is disabled" time="0.002">
    </testcase>
    <testcase classname="Button should inherit style" name="Button should inherit style" time="0.008">
    </testcase>
    <testcase classname="Button should inherit classname" name="Button should inherit classname" time="0.001">
    </testcase>
    <testcase classname="Button should handle click" name="Button should handle click" time="0.002">
    </testcase>
  </testsuite>
  <testsuite name="MessageIcon" errors="0" failures="0" skipped="0" timestamp="2019-10-29T19:31:01" time="0.135" tests="3">
    <testcase classname="MessageIcon should render the component correctly for warning" name="MessageIcon should render the component correctly for warning" time="0.007">
    </testcase>
    <testcase classname="MessageIcon should render the component correctly for info" name="MessageIcon should render the component correctly for info" time="0.007">
    </testcase>
    <testcase classname="MessageIcon should render the component correctly for error" name="MessageIcon should render the component correctly for error" time="0.001">
    </testcase>
  </testsuite>
  <testsuite name="LoadingBar" errors="0" failures="0" skipped="0" timestamp="2019-10-29T19:31:01" time="0.107" tests="1">
    <testcase classname="LoadingBar should render the component correctly" name="LoadingBar should render the component correctly" time="0.005">
    </testcase>
  </testsuite>
  <testsuite name="MenuLinks" errors="0" failures="0" skipped="0" timestamp="2019-10-29T19:31:01" time="0.108" tests="2">
    <testcase classname="MenuLinks should render the component correctly" name="MenuLinks should render the component correctly" time="0.003">
    </testcase>
    <testcase classname="MenuLinks should inherit classname and id" name="MenuLinks should inherit classname and id" time="0.001">
    </testcase>
  </testsuite>
  <testsuite name="LoadingBar" errors="0" failures="0" skipped="0" timestamp="2019-10-29T19:31:01" time="0.155" tests="2">
    <testcase classname="LoadingBar should render the component correctly with no title" name="LoadingBar should render the component correctly with no title" time="0.009">
    </testcase>
    <testcase classname="LoadingBar should render the component correctly with a title" name="LoadingBar should render the component correctly with a title" time="0.003">
    </testcase>
  </testsuite>
  <testsuite name="Link" errors="0" failures="0" skipped="0" timestamp="2019-10-29T19:31:01" time="0.112" tests="1">
    <testcase classname="Link should render component correctly" name="Link should render component correctly" time="0.004">
    </testcase>
  </testsuite>
</testsuites>